[+] Containers:
 |- [+] Container: /Game/LevelTest
 |   |- [+] ActorDescs:
 |   |   |- Guid:00FE3B674572342A507586936E286144 BaseClass: NativeClass:/Script/Engine.StaticMeshActor Name:StaticMeshActor_UAID_C01803C1262DD84502_1768703375 Label:Cube SpatiallyLoaded:1 Bounds:IsValid=true, Min=(X=48277.500 Y=59257.500 Z=27830.000), Max=(X=56002.500 Y=66982.500 Z=27930.000) RuntimeGrid:None EditorOnly:0 RuntimeOnly:0 HLODRelevant:1
 |   |   |- Guid:03920DF94EEFC9F86CC66185D32A3DA1 BaseClass: NativeClass:/Script/Engine.StaticMeshActor Name:StaticMeshActor_UAID_A4AE111137DC54FB00_1240666663 Label:SM_SkySphere SpatiallyLoaded:0 Bounds:IsValid=true, Min=(X=-1638400.000 Y=-1638400.000 Z=-1638400.000), Max=(X=1638400.000 Y=1638400.000 Z=1638400.000) RuntimeGrid:None EditorOnly:0 RuntimeOnly:0 HLODRelevant:0 FolderPath:Lighting FolderGuid:B7E9BD5B45A652654791988DEF54CCEB
 |   |   |- Guid:1D3D26F04B6DC10BEFB5B69E5CF914C8 BaseClass: NativeClass:/Script/Engine.VolumetricCloud Name:VolumetricCloud_UAID_A85E45CFE40401D200_1470381760 Label:VolumetricCloud SpatiallyLoaded:0 Bounds:IsValid=true, Min=(X=0.000 Y=0.000 Z=0.000), Max=(X=0.000 Y=0.000 Z=0.000) RuntimeGrid:None EditorOnly:0 RuntimeOnly:0 HLODRelevant:0 FolderPath:Lighting FolderGuid:B7E9BD5B45A652654791988DEF54CCEB
 |   |   |- Guid:1DE8D7AC4103A2EABA11649C7FCF8ACA BaseClass: NativeClass:/Script/Engine.SkyLight Name:SkyLight_UAID_A85E45CFE40401D200_1470380759 Label:SkyLight SpatiallyLoaded:0 Bounds:IsValid=true, Min=(X=0.000 Y=0.000 Z=0.000), Max=(X=0.000 Y=0.000 Z=0.000) RuntimeGrid:None EditorOnly:0 RuntimeOnly:0 HLODRelevant:0 FolderPath:Lighting FolderGuid:B7E9BD5B45A652654791988DEF54CCEB
 |   |   |- Guid:218E3B124735712D7EF272B4FB8E7FF6 BaseClass: NativeClass:/Script/Landscape.Landscape Name:Landscape_UAID_A85E45CFE404FBD100_1221515703 Label:Landscape SpatiallyLoaded:0 Bounds:IsValid=true, Min=(X=-100800.000 Y=-100800.000 Z=100.000), Max=(X=-100800.000 Y=-100800.000 Z=100.000) RuntimeGrid:None EditorOnly:0 RuntimeOnly:0 HLODRelevant:0
 |   |   |- Guid:2CE12F874AA39D020A0F4BA5739BD305 BaseClass: NativeClass:/Script/Engine.SkyAtmosphere Name:SkyAtmosphere_UAID_A85E45CFE40401D200_1470382762 Label:SkyAtmosphere SpatiallyLoaded:0 Bounds:IsValid=true, Min=(X=0.000 Y=0.000 Z=0.000), Max=(X=0.000 Y=0.000 Z=0.000) RuntimeGrid:None EditorOnly:0 RuntimeOnly:0 HLODRelevant:0 FolderPath:Lighting FolderGuid:B7E9BD5B45A652654791988DEF54CCEB
 |   |   |- Guid:5368FABB47D6D9580DAECA8B0417BF92 BaseClass: NativeClass:/Script/Engine.WorldDataLayers Name:WorldDataLayers Label:WorldDataLayers-1 SpatiallyLoaded:0 Bounds:IsValid=true, Min=(X=0.000 Y=0.000 Z=0.000), Max=(X=0.000 Y=0.000 Z=0.000) RuntimeGrid:None EditorOnly:0 RuntimeOnly:0 HLODRelevant:0
 |   |   |- Guid:81CF47914609C74661F9E1B15218CA10 BaseClass:/Game/BP_CamManager.BP_CamManager_C NativeClass:/Script/Engine.Actor Name:BP_CamManager_C_UAID_C01803C1262DDB4502_1297665903 Label:BP_CamManager SpatiallyLoaded:1 Bounds:IsValid=true, Min=(X=53470.000 Y=63840.000 Z=28130.000), Max=(X=53470.000 Y=63840.000 Z=28880.000) RuntimeGrid:None EditorOnly:0 RuntimeOnly:0 HLODRelevant:0
 |   |   |- Guid:9D5B7EDC4A2DF22FA7E2BF84284394F1 BaseClass: NativeClass:/Script/Engine.PostProcessVolume Name:PostProcessVolume_UAID_C01803C1262DDE4502_1499086431 Label:PostProcessVolume SpatiallyLoaded:0 Bounds:IsValid=true, Min=(X=52960.000 Y=63420.000 Z=30140.000), Max=(X=53160.000 Y=63620.000 Z=30340.000) RuntimeGrid:None EditorOnly:0 RuntimeOnly:0 HLODRelevant:0
 |   |   |- Guid:AAAC6B5742760A58C2206DB37E44683C BaseClass: NativeClass:/Script/Engine.DirectionalLight Name:DirectionalLight_UAID_A85E45CFE40401D200_1470382761 Label:DirectionalLight SpatiallyLoaded:0 Bounds:IsValid=true, Min=(X=-4398046511104.000 Y=-4398046511104.000 Z=-4398046511104.000), Max=(X=4398046511104.000 Y=4398046511104.000 Z=4398046511104.000) RuntimeGrid:None EditorOnly:0 RuntimeOnly:0 HLODRelevant:0 FolderPath:Lighting FolderGuid:B7E9BD5B45A652654791988DEF54CCEB
 |   |   |- Guid:AEF637E649E126BFD189D2B398991D08 BaseClass: NativeClass:/Script/Engine.SkeletalMeshActor Name:SkeletalMeshActor_UAID_C01803C1262DDE4502_1967023432 Label:SK_Mannequin SpatiallyLoaded:1 Bounds:IsValid=true, Min=(X=52378.981 Y=63937.771 Z=27928.574), Max=(X=52523.089 Y=63975.056 Z=28115.456) RuntimeGrid:None EditorOnly:0 RuntimeOnly:0 HLODRelevant:0
 |   |   |- Guid:B4ADFEB6470A3DA16FF95CAEB71D7C2A BaseClass: NativeClass:/Script/Engine.PlayerStart Name:PlayerStart_UAID_C01803C1262DD84502_1783475376 Label:PlayerStart SpatiallyLoaded:0 Bounds:IsValid=true, Min=(X=53450.000 Y=63960.000 Z=28708.000), Max=(X=53530.000 Y=64040.000 Z=28892.000) RuntimeGrid:None EditorOnly:0 RuntimeOnly:0 HLODRelevant:0
 |   |   |- Guid:C1428C1A47FC570CA69A5E85487E3D07 BaseClass: NativeClass:/Script/Engine.PlayerStart Name:PlayerStart_UAID_C01803C1262DD84502_1786887377 Label:PlayerStart1 SpatiallyLoaded:0 Bounds:IsValid=true, Min=(X=53450.000 Y=63720.000 Z=28708.000), Max=(X=53530.000 Y=63800.000 Z=28892.000) RuntimeGrid:None EditorOnly:0 RuntimeOnly:0 HLODRelevant:0
 |   |   |- Guid:D3FB7383421AAEFD3DB6F8B1E415A9FE BaseClass: NativeClass:/Script/Engine.ExponentialHeightFog Name:ExponentialHeightFog_UAID_A85E45CFE40401D200_1470382763 Label:ExponentialHeightFog SpatiallyLoaded:0 Bounds:IsValid=true, Min=(X=-5600.000 Y=-50.000 Z=-6850.000), Max=(X=-5600.000 Y=-50.000 Z=-6850.000) RuntimeGrid:None EditorOnly:0 RuntimeOnly:0 HLODRelevant:0 FolderPath:Lighting FolderGuid:B7E9BD5B45A652654791988DEF54CCEB
 |   |- [+] Clusters:
 |   |   |- [+] [  0]
 |   |   |   |- Guid:81CF47914609C74661F9E1B15218CA10 BaseClass:/Game/BP_CamManager.BP_CamManager_C NativeClass:/Script/Engine.Actor Name:BP_CamManager_C_UAID_C01803C1262DDB4502_1297665903 Label:BP_CamManager SpatiallyLoaded:1 Bounds:IsValid=true, Min=(X=53470.000 Y=63840.000 Z=28130.000), Max=(X=53470.000 Y=63840.000 Z=28880.000) RuntimeGrid:None EditorOnly:0 RuntimeOnly:0 HLODRelevant:0
 |   |   |- [+] [  1]
 |   |   |   |- Guid:AAAC6B5742760A58C2206DB37E44683C BaseClass: NativeClass:/Script/Engine.DirectionalLight Name:DirectionalLight_UAID_A85E45CFE40401D200_1470382761 Label:DirectionalLight SpatiallyLoaded:0 Bounds:IsValid=true, Min=(X=-4398046511104.000 Y=-4398046511104.000 Z=-4398046511104.000), Max=(X=4398046511104.000 Y=4398046511104.000 Z=4398046511104.000) RuntimeGrid:None EditorOnly:0 RuntimeOnly:0 HLODRelevant:0 FolderPath:Lighting FolderGuid:B7E9BD5B45A652654791988DEF54CCEB
 |   |   |- [+] [  2]
 |   |   |   |- Guid:5368FABB47D6D9580DAECA8B0417BF92 BaseClass: NativeClass:/Script/Engine.WorldDataLayers Name:WorldDataLayers Label:WorldDataLayers-1 SpatiallyLoaded:0 Bounds:IsValid=true, Min=(X=0.000 Y=0.000 Z=0.000), Max=(X=0.000 Y=0.000 Z=0.000) RuntimeGrid:None EditorOnly:0 RuntimeOnly:0 HLODRelevant:0
 |   |   |- [+] [  3]
 |   |   |   |- Guid:1D3D26F04B6DC10BEFB5B69E5CF914C8 BaseClass: NativeClass:/Script/Engine.VolumetricCloud Name:VolumetricCloud_UAID_A85E45CFE40401D200_1470381760 Label:VolumetricCloud SpatiallyLoaded:0 Bounds:IsValid=true, Min=(X=0.000 Y=0.000 Z=0.000), Max=(X=0.000 Y=0.000 Z=0.000) RuntimeGrid:None EditorOnly:0 RuntimeOnly:0 HLODRelevant:0 FolderPath:Lighting FolderGuid:B7E9BD5B45A652654791988DEF54CCEB
 |   |   |- [+] [  4]
 |   |   |   |- Guid:00FE3B674572342A507586936E286144 BaseClass: NativeClass:/Script/Engine.StaticMeshActor Name:StaticMeshActor_UAID_C01803C1262DD84502_1768703375 Label:Cube SpatiallyLoaded:1 Bounds:IsValid=true, Min=(X=48277.500 Y=59257.500 Z=27830.000), Max=(X=56002.500 Y=66982.500 Z=27930.000) RuntimeGrid:None EditorOnly:0 RuntimeOnly:0 HLODRelevant:1
 |   |   |- [+] [  5]
 |   |   |   |- Guid:218E3B124735712D7EF272B4FB8E7FF6 BaseClass: NativeClass:/Script/Landscape.Landscape Name:Landscape_UAID_A85E45CFE404FBD100_1221515703 Label:Landscape SpatiallyLoaded:0 Bounds:IsValid=true, Min=(X=-100800.000 Y=-100800.000 Z=100.000), Max=(X=-100800.000 Y=-100800.000 Z=100.000) RuntimeGrid:None EditorOnly:0 RuntimeOnly:0 HLODRelevant:0
 |   |   |- [+] [  6]
 |   |   |   |- Guid:B4ADFEB6470A3DA16FF95CAEB71D7C2A BaseClass: NativeClass:/Script/Engine.PlayerStart Name:PlayerStart_UAID_C01803C1262DD84502_1783475376 Label:PlayerStart SpatiallyLoaded:0 Bounds:IsValid=true, Min=(X=53450.000 Y=63960.000 Z=28708.000), Max=(X=53530.000 Y=64040.000 Z=28892.000) RuntimeGrid:None EditorOnly:0 RuntimeOnly:0 HLODRelevant:0
 |   |   |- [+] [  7]
 |   |   |   |- Guid:C1428C1A47FC570CA69A5E85487E3D07 BaseClass: NativeClass:/Script/Engine.PlayerStart Name:PlayerStart_UAID_C01803C1262DD84502_1786887377 Label:PlayerStart1 SpatiallyLoaded:0 Bounds:IsValid=true, Min=(X=53450.000 Y=63720.000 Z=28708.000), Max=(X=53530.000 Y=63800.000 Z=28892.000) RuntimeGrid:None EditorOnly:0 RuntimeOnly:0 HLODRelevant:0
 |   |   |- [+] [  8]
 |   |   |   |- Guid:03920DF94EEFC9F86CC66185D32A3DA1 BaseClass: NativeClass:/Script/Engine.StaticMeshActor Name:StaticMeshActor_UAID_A4AE111137DC54FB00_1240666663 Label:SM_SkySphere SpatiallyLoaded:0 Bounds:IsValid=true, Min=(X=-1638400.000 Y=-1638400.000 Z=-1638400.000), Max=(X=1638400.000 Y=1638400.000 Z=1638400.000) RuntimeGrid:None EditorOnly:0 RuntimeOnly:0 HLODRelevant:0 FolderPath:Lighting FolderGuid:B7E9BD5B45A652654791988DEF54CCEB
 |   |   |- [+] [  9]
 |   |   |   |- Guid:2CE12F874AA39D020A0F4BA5739BD305 BaseClass: NativeClass:/Script/Engine.SkyAtmosphere Name:SkyAtmosphere_UAID_A85E45CFE40401D200_1470382762 Label:SkyAtmosphere SpatiallyLoaded:0 Bounds:IsValid=true, Min=(X=0.000 Y=0.000 Z=0.000), Max=(X=0.000 Y=0.000 Z=0.000) RuntimeGrid:None EditorOnly:0 RuntimeOnly:0 HLODRelevant:0 FolderPath:Lighting FolderGuid:B7E9BD5B45A652654791988DEF54CCEB
 |   |   |- [+] [ 10]
 |   |   |   |- Guid:D3FB7383421AAEFD3DB6F8B1E415A9FE BaseClass: NativeClass:/Script/Engine.ExponentialHeightFog Name:ExponentialHeightFog_UAID_A85E45CFE40401D200_1470382763 Label:ExponentialHeightFog SpatiallyLoaded:0 Bounds:IsValid=true, Min=(X=-5600.000 Y=-50.000 Z=-6850.000), Max=(X=-5600.000 Y=-50.000 Z=-6850.000) RuntimeGrid:None EditorOnly:0 RuntimeOnly:0 HLODRelevant:0 FolderPath:Lighting FolderGuid:B7E9BD5B45A652654791988DEF54CCEB
 |   |   |- [+] [ 11]
 |   |   |   |- Guid:1DE8D7AC4103A2EABA11649C7FCF8ACA BaseClass: NativeClass:/Script/Engine.SkyLight Name:SkyLight_UAID_A85E45CFE40401D200_1470380759 Label:SkyLight SpatiallyLoaded:0 Bounds:IsValid=true, Min=(X=0.000 Y=0.000 Z=0.000), Max=(X=0.000 Y=0.000 Z=0.000) RuntimeGrid:None EditorOnly:0 RuntimeOnly:0 HLODRelevant:0 FolderPath:Lighting FolderGuid:B7E9BD5B45A652654791988DEF54CCEB
 |   |   |- [+] [ 12]
 |   |   |   |- Guid:9D5B7EDC4A2DF22FA7E2BF84284394F1 BaseClass: NativeClass:/Script/Engine.PostProcessVolume Name:PostProcessVolume_UAID_C01803C1262DDE4502_1499086431 Label:PostProcessVolume SpatiallyLoaded:0 Bounds:IsValid=true, Min=(X=52960.000 Y=63420.000 Z=30140.000), Max=(X=53160.000 Y=63620.000 Z=30340.000) RuntimeGrid:None EditorOnly:0 RuntimeOnly:0 HLODRelevant:0
 |   |   |- [+] [ 13]
 |   |   |   |- Guid:AEF637E649E126BFD189D2B398991D08 BaseClass: NativeClass:/Script/Engine.SkeletalMeshActor Name:SkeletalMeshActor_UAID_C01803C1262DDE4502_1967023432 Label:SK_Mannequin SpatiallyLoaded:1 Bounds:IsValid=true, Min=(X=52378.981 Y=63937.771 Z=27928.574), Max=(X=52523.089 Y=63975.056 Z=28115.456) RuntimeGrid:None EditorOnly:0 RuntimeOnly:0 HLODRelevant:0
 |- ContainerInstances:
 |- [+] MainContainer:
 |   |-        ID: 0x0000000000000000
 |   |-    Bounds: IsValid=false, Min=(X=0.000 Y=0.000 Z=0.000), Max=(X=0.000 Y=0.000 Z=0.000)
 |   |- Transform: 0.000000,0.000000,0.000000|0.000000,0.000000,-0.000000|1.000000,1.000000,1.000000
 |   |- Container: /Game/LevelTest
----------------------------------------------------------------------------------------------------------------
LevelTest - Persistent Level
----------------------------------------------------------------------------------------------------------------
Always loaded Actor Count: 22 

----------------------------------------------------------------------------------------------------------------
LevelTest - Runtime Spatial Hash - Streaming Grid - MainGrid
----------------------------------------------------------------------------------------------------------------
            Origin: X=0.000 Y=0.000 Z=0.000
         Cell Size: 25600
      World Bounds: IsValid=false, Min=(X=0.000 Y=0.000 Z=0.000), Max=(X=0.000 Y=0.000 Z=0.000)
     Loading Range: 76800.00
Block Slow Loading: No
 ClientOnlyVisible: No

[+] Grid Levels: 1
 |- Level  0: Cell Count    0 | Cell Size   25600 | Actor Count    0 (0.0%)

[+] Content of Grid Level 0

